<!DOCTYPE html PUBLIC "-//W3C//DTD XHTML 1.1//EN" "https://www.w3.org/TR/xhtml11/DTD/xhtml11.dtd">
<html xmlns="https://www.w3.org/1999/xhtml">
<head>
<meta http-equiv="content-type" content="text/html; charset=UTF-8"/>
<title>TestNG Report</title>
<style type="text/css">table {margin-bottom:10px;border-collapse:collapse;empty-cells:show}th,td {border:1px solid #009;padding:.25em .5em}th {vertical-align:bottom}td {vertical-align:top}table a {font-weight:bold}.stripe td {background-color: #E6EBF9}.num {text-align:right}.passedodd td {background-color: #3F3}.passedeven td {background-color: #0A0}.skippedodd td {background-color: #DDD}.skippedeven td {background-color: #CCC}.failedodd td,.attn {background-color: #F33}.failedeven td,.stripe .attn {background-color: #D00}.stacktrace {white-space:pre;font-family:monospace}.totop {font-size:85%;text-align:center;border-bottom:2px solid #000}.invisible {display:none}</style>
</head>
<body>
<table>
<tr><th>Test</th><th># Passed</th><th># Skipped</th><th># Retried</th><th># Failed</th><th>Time (ms)</th><th>Included Groups</th><th>Excluded Groups</th></tr>
<tr><th colspan="8">Suite</th></tr>
<tr><td><a href="#t0">Test</a></td><td class="num">10</td><td class="num">0</td><td class="num">0</td><td class="num attn">2</td><td class="num">201,589</td><td></td><td></td></tr>
</table>
<table id='summary'><thead><tr><th>Class</th><th>Method</th><th>Start</th><th>Time (ms)</th></tr></thead><tbody><tr><th colspan="4">Suite</th></tr></tbody><tbody id="t0"><tr><th colspan="4">Test &#8212; failed</th></tr><tr class="failedeven"><td rowspan="1">com.guru99.testcases.Guru99LoginPageTest</td><td><a href="#m0">TC002_LoginPage_LoginWithInValidCredentials</a></td><td rowspan="1">1735115020924</td><td rowspan="1">4295</td></tr><tr class="failedodd"><td rowspan="1">com.guru99.testcases.Guru99LoginPageTest2</td><td><a href="#m1">TC002_LoginPage_LoginWithInValidCredentials</a></td><td rowspan="1">1735115127150</td><td rowspan="1">4196</td></tr><tr><th colspan="4">Test &#8212; passed</th></tr><tr class="passedeven"><td rowspan="5">com.guru99.testcases.Guru99LoginPageTest</td><td><a href="#m2">TC001_LoginPage_LoginWithValidCredentials</a></td><td rowspan="1">1735115007983</td><td rowspan="1">7940</td></tr><tr class="passedeven"><td><a href="#m3">TC003_LoginPage_LoginWithInValidCredentials</a></td><td rowspan="1">1735115037629</td><td rowspan="1">8711</td></tr><tr class="passedeven"><td><a href="#m4">TC004_LoginPage_LoginWithInValidCredentials</a></td><td rowspan="1">1735115056543</td><td rowspan="1">8123</td></tr><tr class="passedeven"><td><a href="#m5">TC005_LoginPage_LoginWithoutCredentials</a></td><td rowspan="1">1735115071936</td><td rowspan="1">2971</td></tr><tr class="passedeven"><td><a href="#m6">TC006_LoginPage_LoginWithValidCredentials</a></td><td rowspan="1">1735115082357</td><td rowspan="1">12557</td></tr><tr class="passedodd"><td rowspan="5">com.guru99.testcases.Guru99LoginPageTest2</td><td><a href="#m7">TC001_LoginPage_LoginWithValidCredentials</a></td><td rowspan="1">1735115102669</td><td rowspan="1">14928</td></tr><tr class="passedodd"><td><a href="#m8">TC003_LoginPage_LoginWithInValidCredentials</a></td><td rowspan="1">1735115137131</td><td rowspan="1">7522</td></tr><tr class="passedodd"><td><a href="#m9">TC004_LoginPage_LoginWithInValidCredentials</a></td><td rowspan="1">1735115152661</td><td rowspan="1">6776</td></tr><tr class="passedodd"><td><a href="#m10">TC005_LoginPage_LoginWithoutCredentials</a></td><td rowspan="1">1735115165562</td><td rowspan="1">2456</td></tr><tr class="passedodd"><td><a href="#m11">TC006_LoginPage_LoginWithValidCredentials</a></td><td rowspan="1">1735115173111</td><td rowspan="1">8723</td></tr></tbody>
</table>
<h2>Test</h2><h3 id="m0">com.guru99.testcases.Guru99LoginPageTest#TC002_LoginPage_LoginWithInValidCredentials</h3><table class="result"><tr class="param"><th>Parameter #1</th><th>Parameter #2</th></tr><tr class="param stripe"><td>Sateesh@gmailcom</td><td>Sateesh@123</td></tr><tr><th colspan="2">Exception</th></tr><tr><td colspan="2"><div class="stacktrace">java.lang.AssertionError: no such element: Unable to locate element: {&quot;method&quot;:&quot;xpath&quot;,&quot;selector&quot;:&quot;//input[@name=&apos;btnLogin23&apos;]&quot;}
  (Session info: chrome=131.0.6778.204)
For documentation on this error, please visit: https://www.selenium.dev/documentation/webdriver/troubleshooting/errors#no-such-element-exception
Build info: version: &apos;4.20.0&apos;, revision: &apos;866c76ca80&apos;
System info: os.name: &apos;Windows 11&apos;, os.arch: &apos;amd64&apos;, os.version: &apos;10.0&apos;, java.version: &apos;11.0.20&apos;
Driver info: org.openqa.selenium.chrome.ChromeDriver
Command: [1001e55f58248ee8cc4ba57ee4af90c1, findElement {value=//input[@name=&apos;btnLogin23&apos;], using=xpath}]
Capabilities {acceptInsecureCerts: false, browserName: chrome, browserVersion: 131.0.6778.204, chrome: {chromedriverVersion: 131.0.6778.204 (52183f9e99a..., userDataDir: C:\Users\Satee\AppData\Loca...}, fedcm:accounts: true, goog:chromeOptions: {debuggerAddress: localhost:64578}, networkConnectionEnabled: false, pageLoadStrategy: normal, platformName: windows, proxy: Proxy(), se:cdp: ws://localhost:64578/devtoo..., se:cdpVersion: 131.0.6778.204, setWindowRect: true, strictFileInteractability: false, timeouts: {implicit: 0, pageLoad: 300000, script: 30000}, unhandledPromptBehavior: dismiss and notify, webauthn:extension:credBlob: true, webauthn:extension:largeBlob: true, webauthn:extension:minPinLength: true, webauthn:extension:prf: true, webauthn:virtualAuthenticators: true}
Session ID: 1001e55f58248ee8cc4ba57ee4af90c1
	at com.guru99.pagesobjetcs.Guru99LoginPageObjects.loginWithInValidCredentials(Guru99LoginPageObjects.java:96)
	at com.guru99.testcases.Guru99LoginPageTest.TC002_LoginPage_LoginWithInValidCredentials(Guru99LoginPageTest.java:21)
	at java.base/java.util.ArrayList.forEach(ArrayList.java:1541)
... Removed 31 stack frames</div></td></tr></table><p class="totop"><a href="#summary">back to summary</a></p>
<h3 id="m1">com.guru99.testcases.Guru99LoginPageTest2#TC002_LoginPage_LoginWithInValidCredentials</h3><table class="result"><tr class="param"><th>Parameter #1</th><th>Parameter #2</th></tr><tr class="param stripe"><td>Sateesh@gmailcom</td><td>Sateesh@123</td></tr><tr><th colspan="2">Exception</th></tr><tr><td colspan="2"><div class="stacktrace">java.lang.AssertionError: no such element: Unable to locate element: {&quot;method&quot;:&quot;xpath&quot;,&quot;selector&quot;:&quot;//input[@name=&apos;btnLogin23&apos;]&quot;}
  (Session info: chrome=131.0.6778.204)
For documentation on this error, please visit: https://www.selenium.dev/documentation/webdriver/troubleshooting/errors#no-such-element-exception
Build info: version: &apos;4.20.0&apos;, revision: &apos;866c76ca80&apos;
System info: os.name: &apos;Windows 11&apos;, os.arch: &apos;amd64&apos;, os.version: &apos;10.0&apos;, java.version: &apos;11.0.20&apos;
Driver info: org.openqa.selenium.chrome.ChromeDriver
Command: [0323221c4c31d252f398f2bce06e000e, findElement {value=//input[@name=&apos;btnLogin23&apos;], using=xpath}]
Capabilities {acceptInsecureCerts: false, browserName: chrome, browserVersion: 131.0.6778.204, chrome: {chromedriverVersion: 131.0.6778.204 (52183f9e99a..., userDataDir: C:\Users\Satee\AppData\Loca...}, fedcm:accounts: true, goog:chromeOptions: {debuggerAddress: localhost:65002}, networkConnectionEnabled: false, pageLoadStrategy: normal, platformName: windows, proxy: Proxy(), se:cdp: ws://localhost:65002/devtoo..., se:cdpVersion: 131.0.6778.204, setWindowRect: true, strictFileInteractability: false, timeouts: {implicit: 0, pageLoad: 300000, script: 30000}, unhandledPromptBehavior: dismiss and notify, webauthn:extension:credBlob: true, webauthn:extension:largeBlob: true, webauthn:extension:minPinLength: true, webauthn:extension:prf: true, webauthn:virtualAuthenticators: true}
Session ID: 0323221c4c31d252f398f2bce06e000e
	at com.guru99.pagesobjetcs.Guru99LoginPageObjects.loginWithInValidCredentials(Guru99LoginPageObjects.java:96)
	at com.guru99.testcases.Guru99LoginPageTest2.TC002_LoginPage_LoginWithInValidCredentials(Guru99LoginPageTest2.java:21)
	at java.base/java.util.ArrayList.forEach(ArrayList.java:1541)
... Removed 31 stack frames</div></td></tr></table><p class="totop"><a href="#summary">back to summary</a></p>
<h3 id="m2">com.guru99.testcases.Guru99LoginPageTest#TC001_LoginPage_LoginWithValidCredentials</h3><table class="result"><tr class="param"><th>Parameter #1</th><th>Parameter #2</th></tr><tr class="param stripe"><td>mngr26593</td><td>123Abc@</td></tr></table><p class="totop"><a href="#summary">back to summary</a></p>
<h3 id="m3">com.guru99.testcases.Guru99LoginPageTest#TC003_LoginPage_LoginWithInValidCredentials</h3><table class="result"><tr class="param"><th>Parameter #1</th><th>Parameter #2</th></tr><tr class="param stripe"><td>Sateesh@123</td><td>123Abc@</td></tr></table><p class="totop"><a href="#summary">back to summary</a></p>
<h3 id="m4">com.guru99.testcases.Guru99LoginPageTest#TC004_LoginPage_LoginWithInValidCredentials</h3><table class="result"><tr class="param"><th>Parameter #1</th><th>Parameter #2</th></tr><tr class="param stripe"><td>mngr26593</td><td>Test@1234</td></tr></table><p class="totop"><a href="#summary">back to summary</a></p>
<h3 id="m5">com.guru99.testcases.Guru99LoginPageTest#TC005_LoginPage_LoginWithoutCredentials</h3><table class="result"><tr><th class="invisible"/></tr></table><p class="totop"><a href="#summary">back to summary</a></p>
<h3 id="m6">com.guru99.testcases.Guru99LoginPageTest#TC006_LoginPage_LoginWithValidCredentials</h3><table class="result"><tr class="param"><th>Parameter #1</th><th>Parameter #2</th></tr><tr class="param stripe"><td>mngr26593</td><td>123Abc@</td></tr></table><p class="totop"><a href="#summary">back to summary</a></p>
<h3 id="m7">com.guru99.testcases.Guru99LoginPageTest2#TC001_LoginPage_LoginWithValidCredentials</h3><table class="result"><tr class="param"><th>Parameter #1</th><th>Parameter #2</th></tr><tr class="param stripe"><td>mngr26593</td><td>123Abc@</td></tr></table><p class="totop"><a href="#summary">back to summary</a></p>
<h3 id="m8">com.guru99.testcases.Guru99LoginPageTest2#TC003_LoginPage_LoginWithInValidCredentials</h3><table class="result"><tr class="param"><th>Parameter #1</th><th>Parameter #2</th></tr><tr class="param stripe"><td>Sateesh@123</td><td>123Abc@</td></tr></table><p class="totop"><a href="#summary">back to summary</a></p>
<h3 id="m9">com.guru99.testcases.Guru99LoginPageTest2#TC004_LoginPage_LoginWithInValidCredentials</h3><table class="result"><tr class="param"><th>Parameter #1</th><th>Parameter #2</th></tr><tr class="param stripe"><td>mngr26593</td><td>Test@1234</td></tr></table><p class="totop"><a href="#summary">back to summary</a></p>
<h3 id="m10">com.guru99.testcases.Guru99LoginPageTest2#TC005_LoginPage_LoginWithoutCredentials</h3><table class="result"><tr><th class="invisible"/></tr></table><p class="totop"><a href="#summary">back to summary</a></p>
<h3 id="m11">com.guru99.testcases.Guru99LoginPageTest2#TC006_LoginPage_LoginWithValidCredentials</h3><table class="result"><tr class="param"><th>Parameter #1</th><th>Parameter #2</th></tr><tr class="param stripe"><td>mngr26593</td><td>123Abc@</td></tr></table><p class="totop"><a href="#summary">back to summary</a></p>
</body>
</html>
