<?xml version="1.0" encoding="UTF-8"?>
<testng-results ignored="0" total="12" passed="10" failed="2" skipped="0">
  <reporter-output>
  </reporter-output>
  <suite started-at="2024-12-25T13:53:00 IST" name="Suite" finished-at="2024-12-25T13:56:22 IST" duration-ms="201589">
    <groups>
    </groups>
    <test started-at="2024-12-25T13:53:00 IST" name="Test" finished-at="2024-12-25T13:56:22 IST" duration-ms="201589">
      <class name="com.guru99.testcases.Guru99LoginPageTest">
        <test-method is-config="true" signature="SetUp(org.testng.ITestContext)[pri:0, instance:com.guru99.testcases.Guru99LoginPageTest@5ace1ed4]" started-at="2024-12-25T13:53:01 IST" name="SetUp" finished-at="2024-12-25T13:53:27 IST" duration-ms="26191" status="PASS">
          <params>
            <param index="0">
              <value>
                <![CDATA[org.testng.TestRunner@32e697ac]]>
              </value>
            </param>
          </params>
          <reporter-output>
          </reporter-output>
        </test-method> <!-- SetUp -->
        <test-method signature="TC001_LoginPage_LoginWithValidCredentials(java.lang.String,java.lang.String)[pri:1, instance:com.guru99.testcases.Guru99LoginPageTest@5ace1ed4]" started-at="2024-12-25T13:53:27 IST" name="TC001_LoginPage_LoginWithValidCredentials" data-provider="TC001_TestData" finished-at="2024-12-25T13:53:35 IST" duration-ms="7940" status="PASS">
          <params>
            <param index="0">
              <value>
                <![CDATA[mngr26593]]>
              </value>
            </param>
            <param index="1">
              <value>
                <![CDATA[123Abc@]]>
              </value>
            </param>
          </params>
          <reporter-output>
          </reporter-output>
        </test-method> <!-- TC001_LoginPage_LoginWithValidCredentials -->
        <test-method is-config="true" signature="TearDown(org.testng.ITestResult)[pri:0, instance:com.guru99.testcases.Guru99LoginPageTest@5ace1ed4]" started-at="2024-12-25T13:53:35 IST" name="TearDown" finished-at="2024-12-25T13:53:36 IST" duration-ms="374" status="PASS">
          <params>
            <param index="0">
              <value>
                <![CDATA[[TestResult name=TC001_LoginPage_LoginWithValidCredentials status=SUCCESS method=Guru99LoginPageTest.TC001_LoginPage_LoginWithValidCredentials(java.lang.String,java.lang.String)[pri:1, instance:com.guru99.testcases.Guru99LoginPageTest@5ace1ed4] output={null}]]]>
              </value>
            </param>
          </params>
          <reporter-output>
          </reporter-output>
        </test-method> <!-- TearDown -->
        <test-method is-config="true" signature="SetUp(org.testng.ITestContext)[pri:0, instance:com.guru99.testcases.Guru99LoginPageTest@5ace1ed4]" started-at="2024-12-25T13:53:36 IST" name="SetUp" finished-at="2024-12-25T13:53:40 IST" duration-ms="4564" status="PASS">
          <params>
            <param index="0">
              <value>
                <![CDATA[org.testng.TestRunner@32e697ac]]>
              </value>
            </param>
          </params>
          <reporter-output>
          </reporter-output>
        </test-method> <!-- SetUp -->
        <test-method signature="TC002_LoginPage_LoginWithInValidCredentials(java.lang.String,java.lang.String)[pri:2, instance:com.guru99.testcases.Guru99LoginPageTest@5ace1ed4]" started-at="2024-12-25T13:53:40 IST" name="TC002_LoginPage_LoginWithInValidCredentials" data-provider="TC002_TestData" finished-at="2024-12-25T13:53:45 IST" duration-ms="4295" status="FAIL">
          <params>
            <param index="0">
              <value>
                <![CDATA[Sateesh@gmailcom]]>
              </value>
            </param>
            <param index="1">
              <value>
                <![CDATA[Sateesh@123]]>
              </value>
            </param>
          </params>
          <exception class="java.lang.AssertionError">
            <message>
              <![CDATA[no such element: Unable to locate element: {"method":"xpath","selector":"//input[@name='btnLogin23']"}
  (Session info: chrome=131.0.6778.204)
For documentation on this error, please visit: https://www.selenium.dev/documentation/webdriver/troubleshooting/errors#no-such-element-exception
Build info: version: '4.20.0', revision: '866c76ca80'
System info: os.name: 'Windows 11', os.arch: 'amd64', os.version: '10.0', java.version: '11.0.20'
Driver info: org.openqa.selenium.chrome.ChromeDriver
Command: [1001e55f58248ee8cc4ba57ee4af90c1, findElement {value=//input[@name='btnLogin23'], using=xpath}]
Capabilities {acceptInsecureCerts: false, browserName: chrome, browserVersion: 131.0.6778.204, chrome: {chromedriverVersion: 131.0.6778.204 (52183f9e99a..., userDataDir: C:\Users\Satee\AppData\Loca...}, fedcm:accounts: true, goog:chromeOptions: {debuggerAddress: localhost:64578}, networkConnectionEnabled: false, pageLoadStrategy: normal, platformName: windows, proxy: Proxy(), se:cdp: ws://localhost:64578/devtoo..., se:cdpVersion: 131.0.6778.204, setWindowRect: true, strictFileInteractability: false, timeouts: {implicit: 0, pageLoad: 300000, script: 30000}, unhandledPromptBehavior: dismiss and notify, webauthn:extension:credBlob: true, webauthn:extension:largeBlob: true, webauthn:extension:minPinLength: true, webauthn:extension:prf: true, webauthn:virtualAuthenticators: true}
Session ID: 1001e55f58248ee8cc4ba57ee4af90c1]]>
            </message>
            <full-stacktrace>
              <![CDATA[java.lang.AssertionError: no such element: Unable to locate element: {"method":"xpath","selector":"//input[@name='btnLogin23']"}
  (Session info: chrome=131.0.6778.204)
For documentation on this error, please visit: https://www.selenium.dev/documentation/webdriver/troubleshooting/errors#no-such-element-exception
Build info: version: '4.20.0', revision: '866c76ca80'
System info: os.name: 'Windows 11', os.arch: 'amd64', os.version: '10.0', java.version: '11.0.20'
Driver info: org.openqa.selenium.chrome.ChromeDriver
Command: [1001e55f58248ee8cc4ba57ee4af90c1, findElement {value=//input[@name='btnLogin23'], using=xpath}]
Capabilities {acceptInsecureCerts: false, browserName: chrome, browserVersion: 131.0.6778.204, chrome: {chromedriverVersion: 131.0.6778.204 (52183f9e99a..., userDataDir: C:\Users\Satee\AppData\Loca...}, fedcm:accounts: true, goog:chromeOptions: {debuggerAddress: localhost:64578}, networkConnectionEnabled: false, pageLoadStrategy: normal, platformName: windows, proxy: Proxy(), se:cdp: ws://localhost:64578/devtoo..., se:cdpVersion: 131.0.6778.204, setWindowRect: true, strictFileInteractability: false, timeouts: {implicit: 0, pageLoad: 300000, script: 30000}, unhandledPromptBehavior: dismiss and notify, webauthn:extension:credBlob: true, webauthn:extension:largeBlob: true, webauthn:extension:minPinLength: true, webauthn:extension:prf: true, webauthn:virtualAuthenticators: true}
Session ID: 1001e55f58248ee8cc4ba57ee4af90c1
at org.testng.Assert.fail(Assert.java:111)
at com.guru99.pagesobjetcs.Guru99LoginPageObjects.loginWithInValidCredentials(Guru99LoginPageObjects.java:96)
at com.guru99.testcases.Guru99LoginPageTest.TC002_LoginPage_LoginWithInValidCredentials(Guru99LoginPageTest.java:21)
at java.base/jdk.internal.reflect.NativeMethodAccessorImpl.invoke0(Native Method)
at java.base/jdk.internal.reflect.NativeMethodAccessorImpl.invoke(NativeMethodAccessorImpl.java:62)
at java.base/jdk.internal.reflect.DelegatingMethodAccessorImpl.invoke(DelegatingMethodAccessorImpl.java:43)
at java.base/java.lang.reflect.Method.invoke(Method.java:566)
at org.testng.internal.invokers.MethodInvocationHelper.invokeMethod(MethodInvocationHelper.java:139)
at org.testng.internal.invokers.TestInvoker.invokeMethod(TestInvoker.java:664)
at org.testng.internal.invokers.TestInvoker.invokeTestMethod(TestInvoker.java:227)
at org.testng.internal.invokers.MethodRunner.runInSequence(MethodRunner.java:50)
at org.testng.internal.invokers.TestInvoker$MethodInvocationAgent.invoke(TestInvoker.java:957)
at org.testng.internal.invokers.TestInvoker.invokeTestMethods(TestInvoker.java:200)
at org.testng.internal.invokers.TestMethodWorker.invokeTestMethods(TestMethodWorker.java:148)
at org.testng.internal.invokers.TestMethodWorker.run(TestMethodWorker.java:128)
at java.base/java.util.ArrayList.forEach(ArrayList.java:1541)
at org.testng.TestRunner.privateRun(TestRunner.java:848)
at org.testng.TestRunner.run(TestRunner.java:621)
at org.testng.SuiteRunner.runTest(SuiteRunner.java:443)
at org.testng.SuiteRunner.runSequentially(SuiteRunner.java:437)
at org.testng.SuiteRunner.privateRun(SuiteRunner.java:397)
at org.testng.SuiteRunner.run(SuiteRunner.java:336)
at org.testng.SuiteRunnerWorker.runSuite(SuiteRunnerWorker.java:52)
at org.testng.SuiteRunnerWorker.run(SuiteRunnerWorker.java:95)
at org.testng.TestNG.runSuitesSequentially(TestNG.java:1280)
at org.testng.TestNG.runSuitesLocally(TestNG.java:1200)
at org.testng.TestNG.runSuites(TestNG.java:1114)
at org.testng.TestNG.run(TestNG.java:1082)
at org.apache.maven.surefire.testng.TestNGExecutor.run(TestNGExecutor.java:281)
at org.apache.maven.surefire.testng.TestNGXmlTestSuite.execute(TestNGXmlTestSuite.java:75)
at org.apache.maven.surefire.testng.TestNGProvider.invoke(TestNGProvider.java:121)
at org.apache.maven.surefire.booter.ForkedBooter.invokeProviderInSameClassLoader(ForkedBooter.java:290)
at org.apache.maven.surefire.booter.ForkedBooter.runSuitesInProcess(ForkedBooter.java:242)
at org.apache.maven.surefire.booter.ForkedBooter.main(ForkedBooter.java:121)
]]>
            </full-stacktrace>
          </exception> <!-- java.lang.AssertionError -->
          <reporter-output>
          </reporter-output>
        </test-method> <!-- TC002_LoginPage_LoginWithInValidCredentials -->
        <test-method is-config="true" signature="TearDown(org.testng.ITestResult)[pri:0, instance:com.guru99.testcases.Guru99LoginPageTest@5ace1ed4]" started-at="2024-12-25T13:53:45 IST" name="TearDown" finished-at="2024-12-25T13:53:45 IST" duration-ms="221" status="PASS">
          <params>
            <param index="0">
              <value>
                <![CDATA[[TestResult name=TC002_LoginPage_LoginWithInValidCredentials status=FAILURE method=Guru99LoginPageTest.TC002_LoginPage_LoginWithInValidCredentials(java.lang.String,java.lang.String)[pri:2, instance:com.guru99.testcases.Guru99LoginPageTest@5ace1ed4] output={null}]]]>
              </value>
            </param>
          </params>
          <reporter-output>
          </reporter-output>
        </test-method> <!-- TearDown -->
        <test-method is-config="true" signature="SetUp(org.testng.ITestContext)[pri:0, instance:com.guru99.testcases.Guru99LoginPageTest@5ace1ed4]" started-at="2024-12-25T13:53:45 IST" name="SetUp" finished-at="2024-12-25T13:53:57 IST" duration-ms="12009" status="PASS">
          <params>
            <param index="0">
              <value>
                <![CDATA[org.testng.TestRunner@32e697ac]]>
              </value>
            </param>
          </params>
          <reporter-output>
          </reporter-output>
        </test-method> <!-- SetUp -->
        <test-method signature="TC003_LoginPage_LoginWithInValidCredentials(java.lang.String,java.lang.String)[pri:3, instance:com.guru99.testcases.Guru99LoginPageTest@5ace1ed4]" started-at="2024-12-25T13:53:57 IST" name="TC003_LoginPage_LoginWithInValidCredentials" data-provider="TC003_TestData" finished-at="2024-12-25T13:54:06 IST" duration-ms="8711" status="PASS">
          <params>
            <param index="0">
              <value>
                <![CDATA[Sateesh@123]]>
              </value>
            </param>
            <param index="1">
              <value>
                <![CDATA[123Abc@]]>
              </value>
            </param>
          </params>
          <reporter-output>
          </reporter-output>
        </test-method> <!-- TC003_LoginPage_LoginWithInValidCredentials -->
        <test-method is-config="true" signature="TearDown(org.testng.ITestResult)[pri:0, instance:com.guru99.testcases.Guru99LoginPageTest@5ace1ed4]" started-at="2024-12-25T13:54:06 IST" name="TearDown" finished-at="2024-12-25T13:54:06 IST" duration-ms="175" status="PASS">
          <params>
            <param index="0">
              <value>
                <![CDATA[[TestResult name=TC003_LoginPage_LoginWithInValidCredentials status=SUCCESS method=Guru99LoginPageTest.TC003_LoginPage_LoginWithInValidCredentials(java.lang.String,java.lang.String)[pri:3, instance:com.guru99.testcases.Guru99LoginPageTest@5ace1ed4] output={null}]]]>
              </value>
            </param>
          </params>
          <reporter-output>
          </reporter-output>
        </test-method> <!-- TearDown -->
        <test-method is-config="true" signature="SetUp(org.testng.ITestContext)[pri:0, instance:com.guru99.testcases.Guru99LoginPageTest@5ace1ed4]" started-at="2024-12-25T13:54:06 IST" name="SetUp" finished-at="2024-12-25T13:54:16 IST" duration-ms="9968" status="PASS">
          <params>
            <param index="0">
              <value>
                <![CDATA[org.testng.TestRunner@32e697ac]]>
              </value>
            </param>
          </params>
          <reporter-output>
          </reporter-output>
        </test-method> <!-- SetUp -->
        <test-method signature="TC004_LoginPage_LoginWithInValidCredentials(java.lang.String,java.lang.String)[pri:4, instance:com.guru99.testcases.Guru99LoginPageTest@5ace1ed4]" started-at="2024-12-25T13:54:16 IST" name="TC004_LoginPage_LoginWithInValidCredentials" data-provider="TC004_TestData" finished-at="2024-12-25T13:54:24 IST" duration-ms="8123" status="PASS">
          <params>
            <param index="0">
              <value>
                <![CDATA[mngr26593]]>
              </value>
            </param>
            <param index="1">
              <value>
                <![CDATA[Test@1234]]>
              </value>
            </param>
          </params>
          <reporter-output>
          </reporter-output>
        </test-method> <!-- TC004_LoginPage_LoginWithInValidCredentials -->
        <test-method is-config="true" signature="TearDown(org.testng.ITestResult)[pri:0, instance:com.guru99.testcases.Guru99LoginPageTest@5ace1ed4]" started-at="2024-12-25T13:54:24 IST" name="TearDown" finished-at="2024-12-25T13:54:24 IST" duration-ms="159" status="PASS">
          <params>
            <param index="0">
              <value>
                <![CDATA[[TestResult name=TC004_LoginPage_LoginWithInValidCredentials status=SUCCESS method=Guru99LoginPageTest.TC004_LoginPage_LoginWithInValidCredentials(java.lang.String,java.lang.String)[pri:4, instance:com.guru99.testcases.Guru99LoginPageTest@5ace1ed4] output={null}]]]>
              </value>
            </param>
          </params>
          <reporter-output>
          </reporter-output>
        </test-method> <!-- TearDown -->
        <test-method is-config="true" signature="SetUp(org.testng.ITestContext)[pri:0, instance:com.guru99.testcases.Guru99LoginPageTest@5ace1ed4]" started-at="2024-12-25T13:54:24 IST" name="SetUp" finished-at="2024-12-25T13:54:31 IST" duration-ms="7111" status="PASS">
          <params>
            <param index="0">
              <value>
                <![CDATA[org.testng.TestRunner@32e697ac]]>
              </value>
            </param>
          </params>
          <reporter-output>
          </reporter-output>
        </test-method> <!-- SetUp -->
        <test-method signature="TC005_LoginPage_LoginWithoutCredentials()[pri:5, instance:com.guru99.testcases.Guru99LoginPageTest@5ace1ed4]" started-at="2024-12-25T13:54:31 IST" name="TC005_LoginPage_LoginWithoutCredentials" finished-at="2024-12-25T13:54:34 IST" duration-ms="2971" status="PASS">
          <reporter-output>
          </reporter-output>
        </test-method> <!-- TC005_LoginPage_LoginWithoutCredentials -->
        <test-method is-config="true" signature="TearDown(org.testng.ITestResult)[pri:0, instance:com.guru99.testcases.Guru99LoginPageTest@5ace1ed4]" started-at="2024-12-25T13:54:34 IST" name="TearDown" finished-at="2024-12-25T13:54:35 IST" duration-ms="135" status="PASS">
          <params>
            <param index="0">
              <value>
                <![CDATA[[TestResult name=TC005_LoginPage_LoginWithoutCredentials status=SUCCESS method=Guru99LoginPageTest.TC005_LoginPage_LoginWithoutCredentials()[pri:5, instance:com.guru99.testcases.Guru99LoginPageTest@5ace1ed4] output={null}]]]>
              </value>
            </param>
          </params>
          <reporter-output>
          </reporter-output>
        </test-method> <!-- TearDown -->
        <test-method is-config="true" signature="SetUp(org.testng.ITestContext)[pri:0, instance:com.guru99.testcases.Guru99LoginPageTest@5ace1ed4]" started-at="2024-12-25T13:54:35 IST" name="SetUp" finished-at="2024-12-25T13:54:42 IST" duration-ms="7277" status="PASS">
          <params>
            <param index="0">
              <value>
                <![CDATA[org.testng.TestRunner@32e697ac]]>
              </value>
            </param>
          </params>
          <reporter-output>
          </reporter-output>
        </test-method> <!-- SetUp -->
        <test-method signature="TC006_LoginPage_LoginWithValidCredentials(java.lang.String,java.lang.String)[pri:6, instance:com.guru99.testcases.Guru99LoginPageTest@5ace1ed4]" started-at="2024-12-25T13:54:42 IST" name="TC006_LoginPage_LoginWithValidCredentials" data-provider="TC006_TestData" finished-at="2024-12-25T13:54:54 IST" duration-ms="12557" status="PASS">
          <params>
            <param index="0">
              <value>
                <![CDATA[mngr26593]]>
              </value>
            </param>
            <param index="1">
              <value>
                <![CDATA[123Abc@]]>
              </value>
            </param>
          </params>
          <reporter-output>
          </reporter-output>
        </test-method> <!-- TC006_LoginPage_LoginWithValidCredentials -->
        <test-method is-config="true" signature="TearDown(org.testng.ITestResult)[pri:0, instance:com.guru99.testcases.Guru99LoginPageTest@5ace1ed4]" started-at="2024-12-25T13:54:54 IST" name="TearDown" finished-at="2024-12-25T13:54:55 IST" duration-ms="185" status="PASS">
          <params>
            <param index="0">
              <value>
                <![CDATA[[TestResult name=TC006_LoginPage_LoginWithValidCredentials status=SUCCESS method=Guru99LoginPageTest.TC006_LoginPage_LoginWithValidCredentials(java.lang.String,java.lang.String)[pri:6, instance:com.guru99.testcases.Guru99LoginPageTest@5ace1ed4] output={null}]]]>
              </value>
            </param>
          </params>
          <reporter-output>
          </reporter-output>
        </test-method> <!-- TearDown -->
      </class> <!-- com.guru99.testcases.Guru99LoginPageTest -->
      <class name="com.guru99.testcases.Guru99LoginPageTest2">
        <test-method is-config="true" signature="SetUp(org.testng.ITestContext)[pri:0, instance:com.guru99.testcases.Guru99LoginPageTest2@1e683a3e]" started-at="2024-12-25T13:54:55 IST" name="SetUp" finished-at="2024-12-25T13:55:02 IST" duration-ms="7542" status="PASS">
          <params>
            <param index="0">
              <value>
                <![CDATA[org.testng.TestRunner@32e697ac]]>
              </value>
            </param>
          </params>
          <reporter-output>
          </reporter-output>
        </test-method> <!-- SetUp -->
        <test-method signature="TC001_LoginPage_LoginWithValidCredentials(java.lang.String,java.lang.String)[pri:1, instance:com.guru99.testcases.Guru99LoginPageTest2@1e683a3e]" started-at="2024-12-25T13:55:02 IST" name="TC001_LoginPage_LoginWithValidCredentials" data-provider="TC001_TestData" finished-at="2024-12-25T13:55:17 IST" duration-ms="14928" status="PASS">
          <params>
            <param index="0">
              <value>
                <![CDATA[mngr26593]]>
              </value>
            </param>
            <param index="1">
              <value>
                <![CDATA[123Abc@]]>
              </value>
            </param>
          </params>
          <reporter-output>
          </reporter-output>
        </test-method> <!-- TC001_LoginPage_LoginWithValidCredentials -->
        <test-method is-config="true" signature="TearDown(org.testng.ITestResult)[pri:0, instance:com.guru99.testcases.Guru99LoginPageTest2@1e683a3e]" started-at="2024-12-25T13:55:17 IST" name="TearDown" finished-at="2024-12-25T13:55:17 IST" duration-ms="180" status="PASS">
          <params>
            <param index="0">
              <value>
                <![CDATA[[TestResult name=TC001_LoginPage_LoginWithValidCredentials status=SUCCESS method=Guru99LoginPageTest2.TC001_LoginPage_LoginWithValidCredentials(java.lang.String,java.lang.String)[pri:1, instance:com.guru99.testcases.Guru99LoginPageTest2@1e683a3e] output={null}]]]>
              </value>
            </param>
          </params>
          <reporter-output>
          </reporter-output>
        </test-method> <!-- TearDown -->
        <test-method is-config="true" signature="SetUp(org.testng.ITestContext)[pri:0, instance:com.guru99.testcases.Guru99LoginPageTest2@1e683a3e]" started-at="2024-12-25T13:55:17 IST" name="SetUp" finished-at="2024-12-25T13:55:27 IST" duration-ms="9334" status="PASS">
          <params>
            <param index="0">
              <value>
                <![CDATA[org.testng.TestRunner@32e697ac]]>
              </value>
            </param>
          </params>
          <reporter-output>
          </reporter-output>
        </test-method> <!-- SetUp -->
        <test-method signature="TC002_LoginPage_LoginWithInValidCredentials(java.lang.String,java.lang.String)[pri:2, instance:com.guru99.testcases.Guru99LoginPageTest2@1e683a3e]" started-at="2024-12-25T13:55:27 IST" name="TC002_LoginPage_LoginWithInValidCredentials" data-provider="TC002_TestData" finished-at="2024-12-25T13:55:31 IST" duration-ms="4196" status="FAIL">
          <params>
            <param index="0">
              <value>
                <![CDATA[Sateesh@gmailcom]]>
              </value>
            </param>
            <param index="1">
              <value>
                <![CDATA[Sateesh@123]]>
              </value>
            </param>
          </params>
          <exception class="java.lang.AssertionError">
            <message>
              <![CDATA[no such element: Unable to locate element: {"method":"xpath","selector":"//input[@name='btnLogin23']"}
  (Session info: chrome=131.0.6778.204)
For documentation on this error, please visit: https://www.selenium.dev/documentation/webdriver/troubleshooting/errors#no-such-element-exception
Build info: version: '4.20.0', revision: '866c76ca80'
System info: os.name: 'Windows 11', os.arch: 'amd64', os.version: '10.0', java.version: '11.0.20'
Driver info: org.openqa.selenium.chrome.ChromeDriver
Command: [0323221c4c31d252f398f2bce06e000e, findElement {value=//input[@name='btnLogin23'], using=xpath}]
Capabilities {acceptInsecureCerts: false, browserName: chrome, browserVersion: 131.0.6778.204, chrome: {chromedriverVersion: 131.0.6778.204 (52183f9e99a..., userDataDir: C:\Users\Satee\AppData\Loca...}, fedcm:accounts: true, goog:chromeOptions: {debuggerAddress: localhost:65002}, networkConnectionEnabled: false, pageLoadStrategy: normal, platformName: windows, proxy: Proxy(), se:cdp: ws://localhost:65002/devtoo..., se:cdpVersion: 131.0.6778.204, setWindowRect: true, strictFileInteractability: false, timeouts: {implicit: 0, pageLoad: 300000, script: 30000}, unhandledPromptBehavior: dismiss and notify, webauthn:extension:credBlob: true, webauthn:extension:largeBlob: true, webauthn:extension:minPinLength: true, webauthn:extension:prf: true, webauthn:virtualAuthenticators: true}
Session ID: 0323221c4c31d252f398f2bce06e000e]]>
            </message>
            <full-stacktrace>
              <![CDATA[java.lang.AssertionError: no such element: Unable to locate element: {"method":"xpath","selector":"//input[@name='btnLogin23']"}
  (Session info: chrome=131.0.6778.204)
For documentation on this error, please visit: https://www.selenium.dev/documentation/webdriver/troubleshooting/errors#no-such-element-exception
Build info: version: '4.20.0', revision: '866c76ca80'
System info: os.name: 'Windows 11', os.arch: 'amd64', os.version: '10.0', java.version: '11.0.20'
Driver info: org.openqa.selenium.chrome.ChromeDriver
Command: [0323221c4c31d252f398f2bce06e000e, findElement {value=//input[@name='btnLogin23'], using=xpath}]
Capabilities {acceptInsecureCerts: false, browserName: chrome, browserVersion: 131.0.6778.204, chrome: {chromedriverVersion: 131.0.6778.204 (52183f9e99a..., userDataDir: C:\Users\Satee\AppData\Loca...}, fedcm:accounts: true, goog:chromeOptions: {debuggerAddress: localhost:65002}, networkConnectionEnabled: false, pageLoadStrategy: normal, platformName: windows, proxy: Proxy(), se:cdp: ws://localhost:65002/devtoo..., se:cdpVersion: 131.0.6778.204, setWindowRect: true, strictFileInteractability: false, timeouts: {implicit: 0, pageLoad: 300000, script: 30000}, unhandledPromptBehavior: dismiss and notify, webauthn:extension:credBlob: true, webauthn:extension:largeBlob: true, webauthn:extension:minPinLength: true, webauthn:extension:prf: true, webauthn:virtualAuthenticators: true}
Session ID: 0323221c4c31d252f398f2bce06e000e
at org.testng.Assert.fail(Assert.java:111)
at com.guru99.pagesobjetcs.Guru99LoginPageObjects.loginWithInValidCredentials(Guru99LoginPageObjects.java:96)
at com.guru99.testcases.Guru99LoginPageTest2.TC002_LoginPage_LoginWithInValidCredentials(Guru99LoginPageTest2.java:21)
at java.base/jdk.internal.reflect.NativeMethodAccessorImpl.invoke0(Native Method)
at java.base/jdk.internal.reflect.NativeMethodAccessorImpl.invoke(NativeMethodAccessorImpl.java:62)
at java.base/jdk.internal.reflect.DelegatingMethodAccessorImpl.invoke(DelegatingMethodAccessorImpl.java:43)
at java.base/java.lang.reflect.Method.invoke(Method.java:566)
at org.testng.internal.invokers.MethodInvocationHelper.invokeMethod(MethodInvocationHelper.java:139)
at org.testng.internal.invokers.TestInvoker.invokeMethod(TestInvoker.java:664)
at org.testng.internal.invokers.TestInvoker.invokeTestMethod(TestInvoker.java:227)
at org.testng.internal.invokers.MethodRunner.runInSequence(MethodRunner.java:50)
at org.testng.internal.invokers.TestInvoker$MethodInvocationAgent.invoke(TestInvoker.java:957)
at org.testng.internal.invokers.TestInvoker.invokeTestMethods(TestInvoker.java:200)
at org.testng.internal.invokers.TestMethodWorker.invokeTestMethods(TestMethodWorker.java:148)
at org.testng.internal.invokers.TestMethodWorker.run(TestMethodWorker.java:128)
at java.base/java.util.ArrayList.forEach(ArrayList.java:1541)
at org.testng.TestRunner.privateRun(TestRunner.java:848)
at org.testng.TestRunner.run(TestRunner.java:621)
at org.testng.SuiteRunner.runTest(SuiteRunner.java:443)
at org.testng.SuiteRunner.runSequentially(SuiteRunner.java:437)
at org.testng.SuiteRunner.privateRun(SuiteRunner.java:397)
at org.testng.SuiteRunner.run(SuiteRunner.java:336)
at org.testng.SuiteRunnerWorker.runSuite(SuiteRunnerWorker.java:52)
at org.testng.SuiteRunnerWorker.run(SuiteRunnerWorker.java:95)
at org.testng.TestNG.runSuitesSequentially(TestNG.java:1280)
at org.testng.TestNG.runSuitesLocally(TestNG.java:1200)
at org.testng.TestNG.runSuites(TestNG.java:1114)
at org.testng.TestNG.run(TestNG.java:1082)
at org.apache.maven.surefire.testng.TestNGExecutor.run(TestNGExecutor.java:281)
at org.apache.maven.surefire.testng.TestNGXmlTestSuite.execute(TestNGXmlTestSuite.java:75)
at org.apache.maven.surefire.testng.TestNGProvider.invoke(TestNGProvider.java:121)
at org.apache.maven.surefire.booter.ForkedBooter.invokeProviderInSameClassLoader(ForkedBooter.java:290)
at org.apache.maven.surefire.booter.ForkedBooter.runSuitesInProcess(ForkedBooter.java:242)
at org.apache.maven.surefire.booter.ForkedBooter.main(ForkedBooter.java:121)
]]>
            </full-stacktrace>
          </exception> <!-- java.lang.AssertionError -->
          <reporter-output>
          </reporter-output>
        </test-method> <!-- TC002_LoginPage_LoginWithInValidCredentials -->
        <test-method is-config="true" signature="TearDown(org.testng.ITestResult)[pri:0, instance:com.guru99.testcases.Guru99LoginPageTest2@1e683a3e]" started-at="2024-12-25T13:55:31 IST" name="TearDown" finished-at="2024-12-25T13:55:31 IST" duration-ms="158" status="PASS">
          <params>
            <param index="0">
              <value>
                <![CDATA[[TestResult name=TC002_LoginPage_LoginWithInValidCredentials status=FAILURE method=Guru99LoginPageTest2.TC002_LoginPage_LoginWithInValidCredentials(java.lang.String,java.lang.String)[pri:2, instance:com.guru99.testcases.Guru99LoginPageTest2@1e683a3e] output={null}]]]>
              </value>
            </param>
          </params>
          <reporter-output>
          </reporter-output>
        </test-method> <!-- TearDown -->
        <test-method is-config="true" signature="SetUp(org.testng.ITestContext)[pri:0, instance:com.guru99.testcases.Guru99LoginPageTest2@1e683a3e]" started-at="2024-12-25T13:55:31 IST" name="SetUp" finished-at="2024-12-25T13:55:37 IST" duration-ms="5487" status="PASS">
          <params>
            <param index="0">
              <value>
                <![CDATA[org.testng.TestRunner@32e697ac]]>
              </value>
            </param>
          </params>
          <reporter-output>
          </reporter-output>
        </test-method> <!-- SetUp -->
        <test-method signature="TC003_LoginPage_LoginWithInValidCredentials(java.lang.String,java.lang.String)[pri:3, instance:com.guru99.testcases.Guru99LoginPageTest2@1e683a3e]" started-at="2024-12-25T13:55:37 IST" name="TC003_LoginPage_LoginWithInValidCredentials" data-provider="TC003_TestData" finished-at="2024-12-25T13:55:44 IST" duration-ms="7522" status="PASS">
          <params>
            <param index="0">
              <value>
                <![CDATA[Sateesh@123]]>
              </value>
            </param>
            <param index="1">
              <value>
                <![CDATA[123Abc@]]>
              </value>
            </param>
          </params>
          <reporter-output>
          </reporter-output>
        </test-method> <!-- TC003_LoginPage_LoginWithInValidCredentials -->
        <test-method is-config="true" signature="TearDown(org.testng.ITestResult)[pri:0, instance:com.guru99.testcases.Guru99LoginPageTest2@1e683a3e]" started-at="2024-12-25T13:55:44 IST" name="TearDown" finished-at="2024-12-25T13:55:46 IST" duration-ms="1812" status="PASS">
          <params>
            <param index="0">
              <value>
                <![CDATA[[TestResult name=TC003_LoginPage_LoginWithInValidCredentials status=SUCCESS method=Guru99LoginPageTest2.TC003_LoginPage_LoginWithInValidCredentials(java.lang.String,java.lang.String)[pri:3, instance:com.guru99.testcases.Guru99LoginPageTest2@1e683a3e] output={null}]]]>
              </value>
            </param>
          </params>
          <reporter-output>
          </reporter-output>
        </test-method> <!-- TearDown -->
        <test-method is-config="true" signature="SetUp(org.testng.ITestContext)[pri:0, instance:com.guru99.testcases.Guru99LoginPageTest2@1e683a3e]" started-at="2024-12-25T13:55:46 IST" name="SetUp" finished-at="2024-12-25T13:55:52 IST" duration-ms="6035" status="PASS">
          <params>
            <param index="0">
              <value>
                <![CDATA[org.testng.TestRunner@32e697ac]]>
              </value>
            </param>
          </params>
          <reporter-output>
          </reporter-output>
        </test-method> <!-- SetUp -->
        <test-method signature="TC004_LoginPage_LoginWithInValidCredentials(java.lang.String,java.lang.String)[pri:4, instance:com.guru99.testcases.Guru99LoginPageTest2@1e683a3e]" started-at="2024-12-25T13:55:52 IST" name="TC004_LoginPage_LoginWithInValidCredentials" data-provider="TC004_TestData" finished-at="2024-12-25T13:55:59 IST" duration-ms="6776" status="PASS">
          <params>
            <param index="0">
              <value>
                <![CDATA[mngr26593]]>
              </value>
            </param>
            <param index="1">
              <value>
                <![CDATA[Test@1234]]>
              </value>
            </param>
          </params>
          <reporter-output>
          </reporter-output>
        </test-method> <!-- TC004_LoginPage_LoginWithInValidCredentials -->
        <test-method is-config="true" signature="TearDown(org.testng.ITestResult)[pri:0, instance:com.guru99.testcases.Guru99LoginPageTest2@1e683a3e]" started-at="2024-12-25T13:55:59 IST" name="TearDown" finished-at="2024-12-25T13:55:59 IST" duration-ms="142" status="PASS">
          <params>
            <param index="0">
              <value>
                <![CDATA[[TestResult name=TC004_LoginPage_LoginWithInValidCredentials status=SUCCESS method=Guru99LoginPageTest2.TC004_LoginPage_LoginWithInValidCredentials(java.lang.String,java.lang.String)[pri:4, instance:com.guru99.testcases.Guru99LoginPageTest2@1e683a3e] output={null}]]]>
              </value>
            </param>
          </params>
          <reporter-output>
          </reporter-output>
        </test-method> <!-- TearDown -->
        <test-method is-config="true" signature="SetUp(org.testng.ITestContext)[pri:0, instance:com.guru99.testcases.Guru99LoginPageTest2@1e683a3e]" started-at="2024-12-25T13:55:59 IST" name="SetUp" finished-at="2024-12-25T13:56:05 IST" duration-ms="5983" status="PASS">
          <params>
            <param index="0">
              <value>
                <![CDATA[org.testng.TestRunner@32e697ac]]>
              </value>
            </param>
          </params>
          <reporter-output>
          </reporter-output>
        </test-method> <!-- SetUp -->
        <test-method signature="TC005_LoginPage_LoginWithoutCredentials()[pri:5, instance:com.guru99.testcases.Guru99LoginPageTest2@1e683a3e]" started-at="2024-12-25T13:56:05 IST" name="TC005_LoginPage_LoginWithoutCredentials" finished-at="2024-12-25T13:56:08 IST" duration-ms="2456" status="PASS">
          <reporter-output>
          </reporter-output>
        </test-method> <!-- TC005_LoginPage_LoginWithoutCredentials -->
        <test-method is-config="true" signature="TearDown(org.testng.ITestResult)[pri:0, instance:com.guru99.testcases.Guru99LoginPageTest2@1e683a3e]" started-at="2024-12-25T13:56:08 IST" name="TearDown" finished-at="2024-12-25T13:56:08 IST" duration-ms="157" status="PASS">
          <params>
            <param index="0">
              <value>
                <![CDATA[[TestResult name=TC005_LoginPage_LoginWithoutCredentials status=SUCCESS method=Guru99LoginPageTest2.TC005_LoginPage_LoginWithoutCredentials()[pri:5, instance:com.guru99.testcases.Guru99LoginPageTest2@1e683a3e] output={null}]]]>
              </value>
            </param>
          </params>
          <reporter-output>
          </reporter-output>
        </test-method> <!-- TearDown -->
        <test-method is-config="true" signature="SetUp(org.testng.ITestContext)[pri:0, instance:com.guru99.testcases.Guru99LoginPageTest2@1e683a3e]" started-at="2024-12-25T13:56:08 IST" name="SetUp" finished-at="2024-12-25T13:56:13 IST" duration-ms="4921" status="PASS">
          <params>
            <param index="0">
              <value>
                <![CDATA[org.testng.TestRunner@32e697ac]]>
              </value>
            </param>
          </params>
          <reporter-output>
          </reporter-output>
        </test-method> <!-- SetUp -->
        <test-method signature="TC006_LoginPage_LoginWithValidCredentials(java.lang.String,java.lang.String)[pri:6, instance:com.guru99.testcases.Guru99LoginPageTest2@1e683a3e]" started-at="2024-12-25T13:56:13 IST" name="TC006_LoginPage_LoginWithValidCredentials" data-provider="TC006_TestData" finished-at="2024-12-25T13:56:21 IST" duration-ms="8723" status="PASS">
          <params>
            <param index="0">
              <value>
                <![CDATA[mngr26593]]>
              </value>
            </param>
            <param index="1">
              <value>
                <![CDATA[123Abc@]]>
              </value>
            </param>
          </params>
          <reporter-output>
          </reporter-output>
        </test-method> <!-- TC006_LoginPage_LoginWithValidCredentials -->
        <test-method is-config="true" signature="TearDown(org.testng.ITestResult)[pri:0, instance:com.guru99.testcases.Guru99LoginPageTest2@1e683a3e]" started-at="2024-12-25T13:56:21 IST" name="TearDown" finished-at="2024-12-25T13:56:22 IST" duration-ms="189" status="PASS">
          <params>
            <param index="0">
              <value>
                <![CDATA[[TestResult name=TC006_LoginPage_LoginWithValidCredentials status=SUCCESS method=Guru99LoginPageTest2.TC006_LoginPage_LoginWithValidCredentials(java.lang.String,java.lang.String)[pri:6, instance:com.guru99.testcases.Guru99LoginPageTest2@1e683a3e] output={null}]]]>
              </value>
            </param>
          </params>
          <reporter-output>
          </reporter-output>
        </test-method> <!-- TearDown -->
      </class> <!-- com.guru99.testcases.Guru99LoginPageTest2 -->
    </test> <!-- Test -->
  </suite> <!-- Suite -->
</testng-results>
