<?xml version="1.0" encoding="UTF-8"?>
<testng-results ignored="0" total="6" passed="5" failed="1" skipped="0">
  <reporter-output>
  </reporter-output>
  <suite started-at="2024-12-25T13:07:42 IST" name="Suite" finished-at="2024-12-25T13:08:56 IST" duration-ms="74068">
    <groups>
    </groups>
    <test started-at="2024-12-25T13:07:42 IST" name="Test" finished-at="2024-12-25T13:08:56 IST" duration-ms="74068">
      <class name="com.guru99.testcases.Guru99LoginPageTest">
        <test-method is-config="true" signature="SetUp(org.testng.ITestContext)[pri:0, instance:com.guru99.testcases.Guru99LoginPageTest@1c5920df]" started-at="2024-12-25T13:07:44 IST" name="SetUp" finished-at="2024-12-25T13:07:52 IST" duration-ms="8611" status="PASS">
          <params>
            <param index="0">
              <value>
                <![CDATA[org.testng.TestRunner@7f12094d]]>
              </value>
            </param>
          </params>
          <reporter-output>
          </reporter-output>
        </test-method> <!-- SetUp -->
        <test-method signature="TC001_LoginPage_LoginWithValidCredentials(java.lang.String,java.lang.String)[pri:1, instance:com.guru99.testcases.Guru99LoginPageTest@1c5920df]" started-at="2024-12-25T13:07:52 IST" name="TC001_LoginPage_LoginWithValidCredentials" data-provider="TC001_TestData" finished-at="2024-12-25T13:08:01 IST" duration-ms="9047" status="PASS">
          <params>
            <param index="0">
              <value>
                <![CDATA[mngr26593]]>
              </value>
            </param>
            <param index="1">
              <value>
                <![CDATA[123Abc@]]>
              </value>
            </param>
          </params>
          <reporter-output>
          </reporter-output>
        </test-method> <!-- TC001_LoginPage_LoginWithValidCredentials -->
        <test-method is-config="true" signature="TearDown(org.testng.ITestResult)[pri:0, instance:com.guru99.testcases.Guru99LoginPageTest@1c5920df]" started-at="2024-12-25T13:08:01 IST" name="TearDown" finished-at="2024-12-25T13:08:02 IST" duration-ms="212" status="PASS">
          <params>
            <param index="0">
              <value>
                <![CDATA[[TestResult name=TC001_LoginPage_LoginWithValidCredentials status=SUCCESS method=Guru99LoginPageTest.TC001_LoginPage_LoginWithValidCredentials(java.lang.String,java.lang.String)[pri:1, instance:com.guru99.testcases.Guru99LoginPageTest@1c5920df] output={null}]]]>
              </value>
            </param>
          </params>
          <reporter-output>
          </reporter-output>
        </test-method> <!-- TearDown -->
        <test-method is-config="true" signature="SetUp(org.testng.ITestContext)[pri:0, instance:com.guru99.testcases.Guru99LoginPageTest@1c5920df]" started-at="2024-12-25T13:08:02 IST" name="SetUp" finished-at="2024-12-25T13:08:06 IST" duration-ms="4413" status="PASS">
          <params>
            <param index="0">
              <value>
                <![CDATA[org.testng.TestRunner@7f12094d]]>
              </value>
            </param>
          </params>
          <reporter-output>
          </reporter-output>
        </test-method> <!-- SetUp -->
        <test-method signature="TC002_LoginPage_LoginWithInValidCredentials(java.lang.String,java.lang.String)[pri:2, instance:com.guru99.testcases.Guru99LoginPageTest@1c5920df]" started-at="2024-12-25T13:08:06 IST" name="TC002_LoginPage_LoginWithInValidCredentials" data-provider="TC002_TestData" finished-at="2024-12-25T13:08:11 IST" duration-ms="4378" status="FAIL">
          <params>
            <param index="0">
              <value>
                <![CDATA[Sateesh@gmailcom]]>
              </value>
            </param>
            <param index="1">
              <value>
                <![CDATA[Sateesh@123]]>
              </value>
            </param>
          </params>
          <exception class="java.lang.AssertionError">
            <message>
              <![CDATA[no such element: Unable to locate element: {"method":"xpath","selector":"//input[@name='btnLogin23']"}
  (Session info: chrome=131.0.6778.204)
For documentation on this error, please visit: https://www.selenium.dev/documentation/webdriver/troubleshooting/errors#no-such-element-exception
Build info: version: '4.20.0', revision: '866c76ca80'
System info: os.name: 'Windows 11', os.arch: 'amd64', os.version: '10.0', java.version: '11.0.20'
Driver info: org.openqa.selenium.chrome.ChromeDriver
Command: [e5ffeb3fc5666e786b3a63995a420aa7, findElement {using=xpath, value=//input[@name='btnLogin23']}]
Capabilities {acceptInsecureCerts: false, browserName: chrome, browserVersion: 131.0.6778.204, chrome: {chromedriverVersion: 131.0.6778.204 (52183f9e99a..., userDataDir: C:\Users\Satee\AppData\Loca...}, fedcm:accounts: true, goog:chromeOptions: {debuggerAddress: localhost:62101}, networkConnectionEnabled: false, pageLoadStrategy: normal, platformName: windows, proxy: Proxy(), se:cdp: ws://localhost:62101/devtoo..., se:cdpVersion: 131.0.6778.204, setWindowRect: true, strictFileInteractability: false, timeouts: {implicit: 0, pageLoad: 300000, script: 30000}, unhandledPromptBehavior: dismiss and notify, webauthn:extension:credBlob: true, webauthn:extension:largeBlob: true, webauthn:extension:minPinLength: true, webauthn:extension:prf: true, webauthn:virtualAuthenticators: true}
Session ID: e5ffeb3fc5666e786b3a63995a420aa7]]>
            </message>
            <full-stacktrace>
              <![CDATA[java.lang.AssertionError: no such element: Unable to locate element: {"method":"xpath","selector":"//input[@name='btnLogin23']"}
  (Session info: chrome=131.0.6778.204)
For documentation on this error, please visit: https://www.selenium.dev/documentation/webdriver/troubleshooting/errors#no-such-element-exception
Build info: version: '4.20.0', revision: '866c76ca80'
System info: os.name: 'Windows 11', os.arch: 'amd64', os.version: '10.0', java.version: '11.0.20'
Driver info: org.openqa.selenium.chrome.ChromeDriver
Command: [e5ffeb3fc5666e786b3a63995a420aa7, findElement {using=xpath, value=//input[@name='btnLogin23']}]
Capabilities {acceptInsecureCerts: false, browserName: chrome, browserVersion: 131.0.6778.204, chrome: {chromedriverVersion: 131.0.6778.204 (52183f9e99a..., userDataDir: C:\Users\Satee\AppData\Loca...}, fedcm:accounts: true, goog:chromeOptions: {debuggerAddress: localhost:62101}, networkConnectionEnabled: false, pageLoadStrategy: normal, platformName: windows, proxy: Proxy(), se:cdp: ws://localhost:62101/devtoo..., se:cdpVersion: 131.0.6778.204, setWindowRect: true, strictFileInteractability: false, timeouts: {implicit: 0, pageLoad: 300000, script: 30000}, unhandledPromptBehavior: dismiss and notify, webauthn:extension:credBlob: true, webauthn:extension:largeBlob: true, webauthn:extension:minPinLength: true, webauthn:extension:prf: true, webauthn:virtualAuthenticators: true}
Session ID: e5ffeb3fc5666e786b3a63995a420aa7
at org.testng.Assert.fail(Assert.java:111)
at com.guru99.pagesobjetcs.Guru99LoginPageObjects.loginWithInValidCredentials(Guru99LoginPageObjects.java:96)
at com.guru99.testcases.Guru99LoginPageTest.TC002_LoginPage_LoginWithInValidCredentials(Guru99LoginPageTest.java:21)
at java.base/jdk.internal.reflect.NativeMethodAccessorImpl.invoke0(Native Method)
at java.base/jdk.internal.reflect.NativeMethodAccessorImpl.invoke(NativeMethodAccessorImpl.java:62)
at java.base/jdk.internal.reflect.DelegatingMethodAccessorImpl.invoke(DelegatingMethodAccessorImpl.java:43)
at java.base/java.lang.reflect.Method.invoke(Method.java:566)
at org.testng.internal.invokers.MethodInvocationHelper.invokeMethod(MethodInvocationHelper.java:139)
at org.testng.internal.invokers.TestInvoker.invokeMethod(TestInvoker.java:664)
at org.testng.internal.invokers.TestInvoker.invokeTestMethod(TestInvoker.java:227)
at org.testng.internal.invokers.MethodRunner.runInSequence(MethodRunner.java:50)
at org.testng.internal.invokers.TestInvoker$MethodInvocationAgent.invoke(TestInvoker.java:957)
at org.testng.internal.invokers.TestInvoker.invokeTestMethods(TestInvoker.java:200)
at org.testng.internal.invokers.TestMethodWorker.invokeTestMethods(TestMethodWorker.java:148)
at org.testng.internal.invokers.TestMethodWorker.run(TestMethodWorker.java:128)
at java.base/java.util.ArrayList.forEach(ArrayList.java:1541)
at org.testng.TestRunner.privateRun(TestRunner.java:848)
at org.testng.TestRunner.run(TestRunner.java:621)
at org.testng.SuiteRunner.runTest(SuiteRunner.java:443)
at org.testng.SuiteRunner.runSequentially(SuiteRunner.java:437)
at org.testng.SuiteRunner.privateRun(SuiteRunner.java:397)
at org.testng.SuiteRunner.run(SuiteRunner.java:336)
at org.testng.SuiteRunnerWorker.runSuite(SuiteRunnerWorker.java:52)
at org.testng.SuiteRunnerWorker.run(SuiteRunnerWorker.java:95)
at org.testng.TestNG.runSuitesSequentially(TestNG.java:1280)
at org.testng.TestNG.runSuitesLocally(TestNG.java:1200)
at org.testng.TestNG.runSuites(TestNG.java:1114)
at org.testng.TestNG.run(TestNG.java:1082)
at org.testng.remote.AbstractRemoteTestNG.run(AbstractRemoteTestNG.java:115)
at org.testng.remote.RemoteTestNG.initAndRun(RemoteTestNG.java:251)
at org.testng.remote.RemoteTestNG.main(RemoteTestNG.java:77)
]]>
            </full-stacktrace>
          </exception> <!-- java.lang.AssertionError -->
          <reporter-output>
          </reporter-output>
        </test-method> <!-- TC002_LoginPage_LoginWithInValidCredentials -->
        <test-method is-config="true" signature="TearDown(org.testng.ITestResult)[pri:0, instance:com.guru99.testcases.Guru99LoginPageTest@1c5920df]" started-at="2024-12-25T13:08:11 IST" name="TearDown" finished-at="2024-12-25T13:08:11 IST" duration-ms="185" status="PASS">
          <params>
            <param index="0">
              <value>
                <![CDATA[[TestResult name=TC002_LoginPage_LoginWithInValidCredentials status=FAILURE method=Guru99LoginPageTest.TC002_LoginPage_LoginWithInValidCredentials(java.lang.String,java.lang.String)[pri:2, instance:com.guru99.testcases.Guru99LoginPageTest@1c5920df] output={null}]]]>
              </value>
            </param>
          </params>
          <reporter-output>
          </reporter-output>
        </test-method> <!-- TearDown -->
        <test-method is-config="true" signature="SetUp(org.testng.ITestContext)[pri:0, instance:com.guru99.testcases.Guru99LoginPageTest@1c5920df]" started-at="2024-12-25T13:08:11 IST" name="SetUp" finished-at="2024-12-25T13:08:16 IST" duration-ms="4753" status="PASS">
          <params>
            <param index="0">
              <value>
                <![CDATA[org.testng.TestRunner@7f12094d]]>
              </value>
            </param>
          </params>
          <reporter-output>
          </reporter-output>
        </test-method> <!-- SetUp -->
        <test-method signature="TC003_LoginPage_LoginWithInValidCredentials(java.lang.String,java.lang.String)[pri:3, instance:com.guru99.testcases.Guru99LoginPageTest@1c5920df]" started-at="2024-12-25T13:08:16 IST" name="TC003_LoginPage_LoginWithInValidCredentials" data-provider="TC003_TestData" finished-at="2024-12-25T13:08:23 IST" duration-ms="7143" status="PASS">
          <params>
            <param index="0">
              <value>
                <![CDATA[Sateesh@123]]>
              </value>
            </param>
            <param index="1">
              <value>
                <![CDATA[123Abc@]]>
              </value>
            </param>
          </params>
          <reporter-output>
          </reporter-output>
        </test-method> <!-- TC003_LoginPage_LoginWithInValidCredentials -->
        <test-method is-config="true" signature="TearDown(org.testng.ITestResult)[pri:0, instance:com.guru99.testcases.Guru99LoginPageTest@1c5920df]" started-at="2024-12-25T13:08:23 IST" name="TearDown" finished-at="2024-12-25T13:08:23 IST" duration-ms="176" status="PASS">
          <params>
            <param index="0">
              <value>
                <![CDATA[[TestResult name=TC003_LoginPage_LoginWithInValidCredentials status=SUCCESS method=Guru99LoginPageTest.TC003_LoginPage_LoginWithInValidCredentials(java.lang.String,java.lang.String)[pri:3, instance:com.guru99.testcases.Guru99LoginPageTest@1c5920df] output={null}]]]>
              </value>
            </param>
          </params>
          <reporter-output>
          </reporter-output>
        </test-method> <!-- TearDown -->
        <test-method is-config="true" signature="SetUp(org.testng.ITestContext)[pri:0, instance:com.guru99.testcases.Guru99LoginPageTest@1c5920df]" started-at="2024-12-25T13:08:23 IST" name="SetUp" finished-at="2024-12-25T13:08:28 IST" duration-ms="4549" status="PASS">
          <params>
            <param index="0">
              <value>
                <![CDATA[org.testng.TestRunner@7f12094d]]>
              </value>
            </param>
          </params>
          <reporter-output>
          </reporter-output>
        </test-method> <!-- SetUp -->
        <test-method signature="TC004_LoginPage_LoginWithInValidCredentials(java.lang.String,java.lang.String)[pri:4, instance:com.guru99.testcases.Guru99LoginPageTest@1c5920df]" started-at="2024-12-25T13:08:28 IST" name="TC004_LoginPage_LoginWithInValidCredentials" data-provider="TC004_TestData" finished-at="2024-12-25T13:08:35 IST" duration-ms="7048" status="PASS">
          <params>
            <param index="0">
              <value>
                <![CDATA[mngr26593]]>
              </value>
            </param>
            <param index="1">
              <value>
                <![CDATA[Test@1234]]>
              </value>
            </param>
          </params>
          <reporter-output>
          </reporter-output>
        </test-method> <!-- TC004_LoginPage_LoginWithInValidCredentials -->
        <test-method is-config="true" signature="TearDown(org.testng.ITestResult)[pri:0, instance:com.guru99.testcases.Guru99LoginPageTest@1c5920df]" started-at="2024-12-25T13:08:35 IST" name="TearDown" finished-at="2024-12-25T13:08:35 IST" duration-ms="179" status="PASS">
          <params>
            <param index="0">
              <value>
                <![CDATA[[TestResult name=TC004_LoginPage_LoginWithInValidCredentials status=SUCCESS method=Guru99LoginPageTest.TC004_LoginPage_LoginWithInValidCredentials(java.lang.String,java.lang.String)[pri:4, instance:com.guru99.testcases.Guru99LoginPageTest@1c5920df] output={null}]]]>
              </value>
            </param>
          </params>
          <reporter-output>
          </reporter-output>
        </test-method> <!-- TearDown -->
        <test-method is-config="true" signature="SetUp(org.testng.ITestContext)[pri:0, instance:com.guru99.testcases.Guru99LoginPageTest@1c5920df]" started-at="2024-12-25T13:08:35 IST" name="SetUp" finished-at="2024-12-25T13:08:39 IST" duration-ms="4100" status="PASS">
          <params>
            <param index="0">
              <value>
                <![CDATA[org.testng.TestRunner@7f12094d]]>
              </value>
            </param>
          </params>
          <reporter-output>
          </reporter-output>
        </test-method> <!-- SetUp -->
        <test-method signature="TC005_LoginPage_LoginWithoutCredentials()[pri:5, instance:com.guru99.testcases.Guru99LoginPageTest@1c5920df]" started-at="2024-12-25T13:08:39 IST" name="TC005_LoginPage_LoginWithoutCredentials" finished-at="2024-12-25T13:08:42 IST" duration-ms="2965" status="PASS">
          <reporter-output>
          </reporter-output>
        </test-method> <!-- TC005_LoginPage_LoginWithoutCredentials -->
        <test-method is-config="true" signature="TearDown(org.testng.ITestResult)[pri:0, instance:com.guru99.testcases.Guru99LoginPageTest@1c5920df]" started-at="2024-12-25T13:08:42 IST" name="TearDown" finished-at="2024-12-25T13:08:42 IST" duration-ms="200" status="PASS">
          <params>
            <param index="0">
              <value>
                <![CDATA[[TestResult name=TC005_LoginPage_LoginWithoutCredentials status=SUCCESS method=Guru99LoginPageTest.TC005_LoginPage_LoginWithoutCredentials()[pri:5, instance:com.guru99.testcases.Guru99LoginPageTest@1c5920df] output={null}]]]>
              </value>
            </param>
          </params>
          <reporter-output>
          </reporter-output>
        </test-method> <!-- TearDown -->
        <test-method is-config="true" signature="SetUp(org.testng.ITestContext)[pri:0, instance:com.guru99.testcases.Guru99LoginPageTest@1c5920df]" started-at="2024-12-25T13:08:42 IST" name="SetUp" finished-at="2024-12-25T13:08:46 IST" duration-ms="4134" status="PASS">
          <params>
            <param index="0">
              <value>
                <![CDATA[org.testng.TestRunner@7f12094d]]>
              </value>
            </param>
          </params>
          <reporter-output>
          </reporter-output>
        </test-method> <!-- SetUp -->
        <test-method signature="TC006_LoginPage_LoginWithValidCredentials(java.lang.String,java.lang.String)[pri:6, instance:com.guru99.testcases.Guru99LoginPageTest@1c5920df]" started-at="2024-12-25T13:08:46 IST" name="TC006_LoginPage_LoginWithValidCredentials" data-provider="TC006_TestData" finished-at="2024-12-25T13:08:55 IST" duration-ms="8075" status="PASS">
          <params>
            <param index="0">
              <value>
                <![CDATA[mngr26593]]>
              </value>
            </param>
            <param index="1">
              <value>
                <![CDATA[123Abc@]]>
              </value>
            </param>
          </params>
          <reporter-output>
          </reporter-output>
        </test-method> <!-- TC006_LoginPage_LoginWithValidCredentials -->
        <test-method is-config="true" signature="TearDown(org.testng.ITestResult)[pri:0, instance:com.guru99.testcases.Guru99LoginPageTest@1c5920df]" started-at="2024-12-25T13:08:55 IST" name="TearDown" finished-at="2024-12-25T13:08:56 IST" duration-ms="1760" status="PASS">
          <params>
            <param index="0">
              <value>
                <![CDATA[[TestResult name=TC006_LoginPage_LoginWithValidCredentials status=SUCCESS method=Guru99LoginPageTest.TC006_LoginPage_LoginWithValidCredentials(java.lang.String,java.lang.String)[pri:6, instance:com.guru99.testcases.Guru99LoginPageTest@1c5920df] output={null}]]]>
              </value>
            </param>
          </params>
          <reporter-output>
          </reporter-output>
        </test-method> <!-- TearDown -->
      </class> <!-- com.guru99.testcases.Guru99LoginPageTest -->
    </test> <!-- Test -->
  </suite> <!-- Suite -->
</testng-results>
